c:\users\виталий\source\repos\лабораторные\lab my zoo\lab my zoo\debug\vc142.pdb
c:\users\виталий\source\repos\лабораторные\lab my zoo\lab my zoo\debug\vc142.idb
c:\users\виталий\source\repos\лабораторные\lab my zoo\lab my zoo\debug\_animalia.obj
c:\users\виталий\source\repos\лабораторные\lab my zoo\lab my zoo\debug\zoopark.obj
c:\users\виталий\source\repos\лабораторные\lab my zoo\lab my zoo\debug\_carivora.obj
c:\users\виталий\source\repos\лабораторные\lab my zoo\lab my zoo\debug\_artiodactyla.obj
c:\users\виталий\source\repos\лабораторные\lab my zoo\lab my zoo\debug\_tiger.obj
c:\users\виталий\source\repos\лабораторные\lab my zoo\lab my zoo\debug\_toco.obj
c:\users\виталий\source\repos\лабораторные\lab my zoo\lab my zoo\debug\_pavo.obj
c:\users\виталий\source\repos\лабораторные\lab my zoo\lab my zoo\debug\_bear.obj
c:\users\виталий\source\repos\лабораторные\lab my zoo\lab my zoo\debug\_giraffe.obj
c:\users\виталий\source\repos\лабораторные\lab my zoo\lab my zoo\debug\_ciconia.obj
c:\users\виталий\source\repos\лабораторные\lab my zoo\lab my zoo\debug\_aves.obj
c:\users\виталий\source\repos\лабораторные\lab my zoo\lab my zoo\debug\_antelope.obj
c:\users\виталий\source\repos\лабораторные\lab my zoo\lab my zoo\debug\_penguin.obj
c:\users\виталий\source\repos\лабораторные\lab my zoo\lab my zoo\debug\_e_p_chicks.obj
c:\users\виталий\source\repos\лабораторные\lab my zoo\debug\zoopark.exe
c:\users\виталий\source\repos\лабораторные\lab my zoo\debug\zoopark.ilk
c:\users\виталий\source\repos\лабораторные\lab my zoo\debug\zoopark.pdb
c:\users\виталий\source\repos\лабораторные\lab my zoo\lab my zoo\debug\zoopark.tlog\cl.command.1.tlog
c:\users\виталий\source\repos\лабораторные\lab my zoo\lab my zoo\debug\zoopark.tlog\cl.read.1.tlog
c:\users\виталий\source\repos\лабораторные\lab my zoo\lab my zoo\debug\zoopark.tlog\cl.write.1.tlog
c:\users\виталий\source\repos\лабораторные\lab my zoo\lab my zoo\debug\zoopark.tlog\link.command.1.tlog
c:\users\виталий\source\repos\лабораторные\lab my zoo\lab my zoo\debug\zoopark.tlog\link.read.1.tlog
c:\users\виталий\source\repos\лабораторные\lab my zoo\lab my zoo\debug\zoopark.tlog\link.write.1.tlog
